<?xml version="1.0" ?>
<!DOCTYPE coverage SYSTEM "http://cobertura.sourceforge.net/xml/coverage-04.dtd">
<coverage lines-valid="119" lines-covered="91" line-rate="0.7646999999999999" branches-valid="70" branches-covered="42" branch-rate="0.6" timestamp="1635588988457" complexity="0" version="0.1">
  <sources>
    <source>/Users/liaodelong/Project/TableTest</source>
  </sources>
  <packages>
    <package name="src" line-rate="1" branch-rate="1">
      <classes>
        <class name="mockData.ts" filename="src/mockData.ts" line-rate="1" branch-rate="1">
          <methods>
            <method name="(anonymous_0)" hits="500" signature="()V">
              <lines>
                <line number="15" hits="500"/>
              </lines>
            </method>
            <method name="(anonymous_1)" hits="260" signature="()V">
              <lines>
                <line number="35" hits="260"/>
              </lines>
            </method>
          </methods>
          <lines>
            <line number="15" hits="500" branch="false"/>
            <line number="21" hits="1" branch="false"/>
            <line number="36" hits="260" branch="true" condition-coverage="100% (2/2)"/>
          </lines>
        </class>
      </classes>
    </package>
    <package name="src.table" line-rate="0.8301000000000001" branch-rate="0.625">
      <classes>
        <class name="Column.tsx" filename="src/table/Column.tsx" line-rate="1" branch-rate="1">
          <methods>
            <method name="(anonymous_0)" hits="15" signature="()V">
              <lines>
                <line number="7" hits="15"/>
              </lines>
            </method>
            <method name="(anonymous_1)" hits="2" signature="()V">
              <lines>
                <line number="13" hits="2"/>
              </lines>
            </method>
            <method name="(anonymous_2)" hits="18" signature="()V">
              <lines>
                <line number="16" hits="18"/>
              </lines>
            </method>
            <method name="(anonymous_3)" hits="15" signature="()V">
              <lines>
                <line number="33" hits="15"/>
              </lines>
            </method>
            <method name="(anonymous_4)" hits="13" signature="()V">
              <lines>
                <line number="34" hits="13"/>
              </lines>
            </method>
          </methods>
          <lines>
            <line number="8" hits="15" branch="false"/>
            <line number="9" hits="15" branch="false"/>
            <line number="10" hits="15" branch="false"/>
            <line number="11" hits="15" branch="false"/>
            <line number="13" hits="15" branch="false"/>
            <line number="14" hits="2" branch="false"/>
            <line number="16" hits="15" branch="false"/>
            <line number="17" hits="18" branch="false"/>
            <line number="33" hits="1" branch="false"/>
            <line number="34" hits="15" branch="false"/>
            <line number="35" hits="13" branch="false"/>
          </lines>
        </class>
        <class name="Table.tsx" filename="src/table/Table.tsx" line-rate="0.7857" branch-rate="0.5384">
          <methods>
            <method name="(anonymous_0)" hits="5" signature="()V">
              <lines>
                <line number="22" hits="5"/>
              </lines>
            </method>
            <method name="(anonymous_1)" hits="3" signature="()V">
              <lines>
                <line number="43" hits="3"/>
              </lines>
            </method>
            <method name="(anonymous_2)" hits="8" signature="()V">
              <lines>
                <line number="47" hits="8"/>
              </lines>
            </method>
            <method name="handlePropsError" hits="5" signature="()V">
              <lines>
                <line number="79" hits="5"/>
              </lines>
            </method>
            <method name="(anonymous_4)" hits="15" signature="()V">
              <lines>
                <line number="80" hits="15"/>
              </lines>
            </method>
            <method name="useStyle" hits="5" signature="()V">
              <lines>
                <line number="98" hits="5"/>
              </lines>
            </method>
            <method name="(anonymous_6)" hits="5" signature="()V">
              <lines>
                <line number="99" hits="5"/>
              </lines>
            </method>
            <method name="renderHeader" hits="8" signature="()V">
              <lines>
                <line number="107" hits="8"/>
              </lines>
            </method>
            <method name="(anonymous_8)" hits="1" signature="()V">
              <lines>
                <line number="108" hits="1"/>
              </lines>
            </method>
            <method name="(anonymous_9)" hits="0" signature="()V">
              <lines>
                <line number="114" hits="0"/>
              </lines>
            </method>
            <method name="(anonymous_10)" hits="24" signature="()V">
              <lines>
                <line number="131" hits="24"/>
              </lines>
            </method>
            <method name="renderColumns" hits="8" signature="()V">
              <lines>
                <line number="145" hits="8"/>
              </lines>
            </method>
            <method name="(anonymous_12)" hits="24" signature="()V">
              <lines>
                <line number="155" hits="24"/>
              </lines>
            </method>
            <method name="renderBody" hits="8" signature="()V">
              <lines>
                <line number="178" hits="8"/>
              </lines>
            </method>
            <method name="(anonymous_14)" hits="260" signature="()V">
              <lines>
                <line number="187" hits="260"/>
              </lines>
            </method>
            <method name="(anonymous_15)" hits="780" signature="()V">
              <lines>
                <line number="191" hits="780"/>
              </lines>
            </method>
            <method name="renderPagination" hits="8" signature="()V">
              <lines>
                <line number="209" hits="8"/>
              </lines>
            </method>
            <method name="(anonymous_17)" hits="16" signature="()V">
              <lines>
                <line number="221" hits="16"/>
              </lines>
            </method>
          </methods>
          <lines>
            <line number="16" hits="1" branch="false"/>
            <line number="17" hits="1" branch="false"/>
            <line number="23" hits="5" branch="false"/>
            <line number="24" hits="5" branch="false"/>
            <line number="30" hits="5" branch="false"/>
            <line number="31" hits="5" branch="false"/>
            <line number="32" hits="5" branch="true" condition-coverage="50% (1/2)"/>
            <line number="39" hits="5" branch="false"/>
            <line number="40" hits="5" branch="false"/>
            <line number="43" hits="5" branch="false"/>
            <line number="44" hits="3" branch="false"/>
            <line number="47" hits="5" branch="false"/>
            <line number="48" hits="8" branch="false"/>
            <line number="80" hits="15" branch="false"/>
            <line number="83" hits="5" branch="true" condition-coverage="50% (1/2)"/>
            <line number="84" hits="0" branch="false"/>
            <line number="85" hits="0" branch="false"/>
            <line number="86" hits="0" branch="false"/>
            <line number="90" hits="5" branch="true" condition-coverage="50% (1/2)"/>
            <line number="91" hits="0" branch="false"/>
            <line number="92" hits="0" branch="false"/>
            <line number="93" hits="0" branch="false"/>
            <line number="99" hits="5" branch="false"/>
            <line number="100" hits="5" branch="false"/>
            <line number="108" hits="8" branch="false"/>
            <line number="109" hits="1" branch="false"/>
            <line number="110" hits="1" branch="true" condition-coverage="50% (1/2)"/>
            <line number="111" hits="0" branch="false"/>
            <line number="114" hits="8" branch="false"/>
            <line number="115" hits="0" branch="false"/>
            <line number="118" hits="0" branch="false"/>
            <line number="121" hits="8" branch="false"/>
            <line number="131" hits="24" branch="false"/>
            <line number="151" hits="8" branch="false"/>
            <line number="156" hits="24" branch="true" condition-coverage="50% (1/2)"/>
            <line number="159" hits="24" branch="true" condition-coverage="50% (1/2)"/>
            <line number="184" hits="8" branch="false"/>
            <line number="188" hits="260" branch="false"/>
            <line number="192" hits="780" branch="true" condition-coverage="75% (3/4)"/>
            <line number="193" hits="780" branch="false"/>
            <line number="216" hits="8" branch="false"/>
            <line number="222" hits="16" branch="false"/>
          </lines>
        </class>
        <class name="index.ts" filename="src/table/index.ts" line-rate="0" branch-rate="0">
          <methods>
          </methods>
          <lines>
          </lines>
        </class>
      </classes>
    </package>
    <package name="src.table.hooks" line-rate="0.6984" branch-rate="0.5294">
      <classes>
        <class name="filter.ts" filename="src/table/hooks/filter.ts" line-rate="0.625" branch-rate="1">
          <methods>
            <method name="(anonymous_0)" hits="5" signature="()V">
              <lines>
                <line number="16" hits="5"/>
              </lines>
            </method>
            <method name="(anonymous_1)" hits="0" signature="()V">
              <lines>
                <line number="22" hits="0"/>
              </lines>
            </method>
          </methods>
          <lines>
            <line number="9" hits="1" branch="false"/>
            <line number="16" hits="1" branch="false"/>
            <line number="17" hits="5" branch="false"/>
            <line number="22" hits="5" branch="false"/>
            <line number="23" hits="0" branch="false"/>
            <line number="24" hits="0" branch="false"/>
            <line number="25" hits="0" branch="false"/>
            <line number="28" hits="5" branch="false"/>
          </lines>
        </class>
        <class name="pagination.ts" filename="src/table/hooks/pagination.ts" line-rate="0.5217" branch-rate="0.21420000000000003">
          <methods>
            <method name="(anonymous_0)" hits="5" signature="()V">
              <lines>
                <line number="19" hits="5"/>
              </lines>
            </method>
            <method name="(anonymous_1)" hits="5" signature="()V">
              <lines>
                <line number="29" hits="5"/>
              </lines>
            </method>
            <method name="(anonymous_2)" hits="1" signature="()V">
              <lines>
                <line number="33" hits="1"/>
              </lines>
            </method>
            <method name="(anonymous_3)" hits="0" signature="()V">
              <lines>
                <line number="41" hits="0"/>
              </lines>
            </method>
            <method name="(anonymous_4)" hits="0" signature="()V">
              <lines>
                <line number="50" hits="0"/>
              </lines>
            </method>
          </methods>
          <lines>
            <line number="9" hits="1" branch="false"/>
            <line number="19" hits="1" branch="false"/>
            <line number="22" hits="5" branch="true" condition-coverage="50% (1/2)"/>
            <line number="29" hits="5" branch="false"/>
            <line number="30" hits="5" branch="true" condition-coverage="50% (1/2)"/>
            <line number="33" hits="5" branch="false"/>
            <line number="34" hits="1" branch="true" condition-coverage="50% (1/2)"/>
            <line number="35" hits="0" branch="false"/>
            <line number="37" hits="1" branch="false"/>
            <line number="38" hits="1" branch="false"/>
            <line number="41" hits="5" branch="false"/>
            <line number="42" hits="0" branch="true" condition-coverage="0% (0/2)"/>
            <line number="43" hits="0" branch="false"/>
            <line number="45" hits="0" branch="false"/>
            <line number="46" hits="0" branch="true" condition-coverage="0% (0/2)"/>
            <line number="47" hits="0" branch="false"/>
            <line number="50" hits="5" branch="false"/>
            <line number="51" hits="0" branch="true" condition-coverage="0% (0/2)"/>
            <line number="52" hits="0" branch="false"/>
            <line number="54" hits="0" branch="false"/>
            <line number="55" hits="0" branch="true" condition-coverage="0% (0/2)"/>
            <line number="56" hits="0" branch="false"/>
            <line number="59" hits="5" branch="false"/>
          </lines>
        </class>
        <class name="sort.ts" filename="src/table/hooks/sort.ts" line-rate="1" branch-rate="1">
          <methods>
            <method name="(anonymous_0)" hits="5" signature="()V">
              <lines>
                <line number="19" hits="5"/>
              </lines>
            </method>
            <method name="(anonymous_1)" hits="2" signature="()V">
              <lines>
                <line number="25" hits="2"/>
              </lines>
            </method>
          </methods>
          <lines>
            <line number="9" hits="1" branch="false"/>
            <line number="11" hits="1" branch="false"/>
            <line number="12" hits="1" branch="false"/>
            <line number="19" hits="1" branch="false"/>
            <line number="20" hits="5" branch="false"/>
            <line number="25" hits="5" branch="false"/>
            <line number="28" hits="2" branch="true" condition-coverage="100% (2/2)"/>
            <line number="29" hits="1" branch="false"/>
            <line number="30" hits="1" branch="false"/>
            <line number="32" hits="1" branch="false"/>
            <line number="35" hits="2" branch="true" condition-coverage="100% (2/2)"/>
            <line number="38" hits="5" branch="false"/>
          </lines>
        </class>
        <class name="tableData.ts" filename="src/table/hooks/tableData.ts" line-rate="0.75" branch-rate="0.6875">
          <methods>
            <method name="(anonymous_0)" hits="5" signature="()V">
              <lines>
                <line number="10" hits="5"/>
              </lines>
            </method>
            <method name="(anonymous_1)" hits="8" signature="()V">
              <lines>
                <line number="16" hits="8"/>
              </lines>
            </method>
            <method name="(anonymous_2)" hits="0" signature="()V">
              <lines>
                <line number="23" hits="0"/>
              </lines>
            </method>
            <method name="(anonymous_3)" hits="0" signature="()V">
              <lines>
                <line number="24" hits="0"/>
              </lines>
            </method>
            <method name="(anonymous_4)" hits="10" signature="()V">
              <lines>
                <line number="48" hits="10"/>
              </lines>
            </method>
            <method name="(anonymous_5)" hits="10" signature="()V">
              <lines>
                <line number="49" hits="10"/>
              </lines>
            </method>
          </methods>
          <lines>
            <line number="10" hits="1" branch="false"/>
            <line number="16" hits="5" branch="false"/>
            <line number="17" hits="8" branch="true" condition-coverage="50% (1/2)"/>
            <line number="19" hits="8" branch="false"/>
            <line number="22" hits="8" branch="true" condition-coverage="75% (3/4)"/>
            <line number="23" hits="0" branch="false"/>
            <line number="24" hits="0" branch="false"/>
            <line number="27" hits="0" branch="true" condition-coverage="0% (0/2)"/>
            <line number="28" hits="0" branch="false"/>
            <line number="34" hits="8" branch="true" condition-coverage="75% (3/4)"/>
            <line number="35" hits="0" branch="false"/>
            <line number="39" hits="8" branch="false"/>
            <line number="42" hits="8" branch="false"/>
            <line number="43" hits="8" branch="false"/>
            <line number="46" hits="8" branch="true" condition-coverage="100% (2/2)"/>
            <line number="47" hits="2" branch="true" condition-coverage="100% (2/2)"/>
            <line number="48" hits="10" branch="false"/>
            <line number="49" hits="10" branch="false"/>
            <line number="53" hits="6" branch="false"/>
            <line number="56" hits="5" branch="false"/>
          </lines>
        </class>
      </classes>
    </package>
  </packages>
</coverage>
