<?xml version="1.0" ?>
<!DOCTYPE coverage SYSTEM "http://cobertura.sourceforge.net/xml/coverage-04.dtd">
<coverage lines-valid="80" lines-covered="67" line-rate="0.8375" branches-valid="58" branches-covered="40" branch-rate="0.6896" timestamp="1635006439133" complexity="0" version="0.1">
  <sources>
    <source>/Users/liaodelong/Project/TableTest</source>
  </sources>
  <packages>
    <package name="src" line-rate="1" branch-rate="1">
      <classes>
        <class name="mockData.ts" filename="src/mockData.ts" line-rate="1" branch-rate="1">
          <methods>
            <method name="(anonymous_0)" hits="500" signature="()V">
              <lines>
                <line number="15" hits="500"/>
              </lines>
            </method>
            <method name="(anonymous_1)" hits="260" signature="()V">
              <lines>
                <line number="35" hits="260"/>
              </lines>
            </method>
          </methods>
          <lines>
            <line number="15" hits="500" branch="false"/>
            <line number="21" hits="1" branch="false"/>
            <line number="36" hits="260" branch="true" condition-coverage="100% (2/2)"/>
          </lines>
        </class>
      </classes>
    </package>
    <package name="src.table" line-rate="0.8311" branch-rate="0.6666">
      <classes>
        <class name="Column.tsx" filename="src/table/Column.tsx" line-rate="1" branch-rate="1">
          <methods>
            <method name="(anonymous_0)" hits="15" signature="()V">
              <lines>
                <line number="7" hits="15"/>
              </lines>
            </method>
            <method name="(anonymous_1)" hits="2" signature="()V">
              <lines>
                <line number="13" hits="2"/>
              </lines>
            </method>
            <method name="(anonymous_2)" hits="18" signature="()V">
              <lines>
                <line number="16" hits="18"/>
              </lines>
            </method>
            <method name="(anonymous_3)" hits="15" signature="()V">
              <lines>
                <line number="33" hits="15"/>
              </lines>
            </method>
            <method name="(anonymous_4)" hits="13" signature="()V">
              <lines>
                <line number="34" hits="13"/>
              </lines>
            </method>
          </methods>
          <lines>
            <line number="8" hits="15" branch="false"/>
            <line number="9" hits="15" branch="false"/>
            <line number="10" hits="15" branch="false"/>
            <line number="11" hits="15" branch="false"/>
            <line number="13" hits="15" branch="false"/>
            <line number="14" hits="2" branch="false"/>
            <line number="16" hits="15" branch="false"/>
            <line number="17" hits="18" branch="false"/>
            <line number="33" hits="1" branch="false"/>
            <line number="34" hits="15" branch="false"/>
            <line number="35" hits="13" branch="false"/>
          </lines>
        </class>
        <class name="Table.tsx" filename="src/table/Table.tsx" line-rate="0.8029999999999999" branch-rate="0.625">
          <methods>
            <method name="(anonymous_0)" hits="5" signature="()V">
              <lines>
                <line number="30" hits="5"/>
              </lines>
            </method>
            <method name="(anonymous_1)" hits="5" signature="()V">
              <lines>
                <line number="46" hits="5"/>
              </lines>
            </method>
            <method name="(anonymous_2)" hits="3" signature="()V">
              <lines>
                <line number="54" hits="3"/>
              </lines>
            </method>
            <method name="(anonymous_3)" hits="2" signature="()V">
              <lines>
                <line number="62" hits="2"/>
              </lines>
            </method>
            <method name="(anonymous_4)" hits="1" signature="()V">
              <lines>
                <line number="84" hits="1"/>
              </lines>
            </method>
            <method name="(anonymous_5)" hits="8" signature="()V">
              <lines>
                <line number="99" hits="8"/>
              </lines>
            </method>
            <method name="(anonymous_6)" hits="24" signature="()V">
              <lines>
                <line number="111" hits="24"/>
              </lines>
            </method>
            <method name="(anonymous_7)" hits="260" signature="()V">
              <lines>
                <line number="133" hits="260"/>
              </lines>
            </method>
            <method name="(anonymous_8)" hits="780" signature="()V">
              <lines>
                <line number="136" hits="780"/>
              </lines>
            </method>
            <method name="(anonymous_9)" hits="16" signature="()V">
              <lines>
                <line number="154" hits="16"/>
              </lines>
            </method>
            <method name="useStyle" hits="5" signature="()V">
              <lines>
                <line number="170" hits="5"/>
              </lines>
            </method>
            <method name="(anonymous_11)" hits="5" signature="()V">
              <lines>
                <line number="171" hits="5"/>
              </lines>
            </method>
            <method name="useTableData" hits="5" signature="()V">
              <lines>
                <line number="179" hits="5"/>
              </lines>
            </method>
            <method name="(anonymous_13)" hits="8" signature="()V">
              <lines>
                <line number="180" hits="8"/>
              </lines>
            </method>
            <method name="(anonymous_14)" hits="0" signature="()V">
              <lines>
                <line number="193" hits="0"/>
              </lines>
            </method>
            <method name="(anonymous_15)" hits="0" signature="()V">
              <lines>
                <line number="194" hits="0"/>
              </lines>
            </method>
            <method name="(anonymous_16)" hits="10" signature="()V">
              <lines>
                <line number="220" hits="10"/>
              </lines>
            </method>
            <method name="(anonymous_17)" hits="10" signature="()V">
              <lines>
                <line number="221" hits="10"/>
              </lines>
            </method>
            <method name="renderHeader" hits="8" signature="()V">
              <lines>
                <line number="228" hits="8"/>
              </lines>
            </method>
            <method name="(anonymous_19)" hits="0" signature="()V">
              <lines>
                <line number="238" hits="0"/>
              </lines>
            </method>
            <method name="(anonymous_20)" hits="24" signature="()V">
              <lines>
                <line number="246" hits="24"/>
              </lines>
            </method>
            <method name="(anonymous_21)" hits="1" signature="()V">
              <lines>
                <line number="261" hits="1"/>
              </lines>
            </method>
          </methods>
          <lines>
            <line number="11" hits="1" branch="false"/>
            <line number="31" hits="5" branch="false"/>
            <line number="32" hits="5" branch="false"/>
            <line number="45" hits="5" branch="false"/>
            <line number="46" hits="5" branch="false"/>
            <line number="47" hits="5" branch="true" condition-coverage="50% (1/2)"/>
            <line number="48" hits="5" branch="false"/>
            <line number="50" hits="0" branch="false"/>
            <line number="54" hits="5" branch="false"/>
            <line number="55" hits="3" branch="false"/>
            <line number="62" hits="5" branch="false"/>
            <line number="65" hits="2" branch="true" condition-coverage="50% (1/2)"/>
            <line number="66" hits="2" branch="false"/>
            <line number="70" hits="2" branch="true" condition-coverage="100% (2/2)"/>
            <line number="71" hits="1" branch="false"/>
            <line number="72" hits="1" branch="false"/>
            <line number="74" hits="1" branch="false"/>
            <line number="77" hits="2" branch="true" condition-coverage="100% (2/2)"/>
            <line number="80" hits="2" branch="false"/>
            <line number="84" hits="5" branch="false"/>
            <line number="85" hits="1" branch="true" condition-coverage="50% (1/2)"/>
            <line number="86" hits="0" branch="false"/>
            <line number="88" hits="1" branch="true" condition-coverage="50% (1/2)"/>
            <line number="89" hits="0" branch="false"/>
            <line number="91" hits="1" branch="false"/>
            <line number="93" hits="1" branch="false"/>
            <line number="96" hits="1" branch="false"/>
            <line number="99" hits="5" branch="false"/>
            <line number="100" hits="8" branch="false"/>
            <line number="101" hits="8" branch="false"/>
            <line number="114" hits="24" branch="true" condition-coverage="50% (1/2)"/>
            <line number="134" hits="260" branch="false"/>
            <line number="137" hits="780" branch="true" condition-coverage="75% (3/4)"/>
            <line number="138" hits="780" branch="false"/>
            <line number="155" hits="16" branch="false"/>
            <line number="171" hits="5" branch="false"/>
            <line number="172" hits="5" branch="false"/>
            <line number="180" hits="5" branch="false"/>
            <line number="181" hits="8" branch="false"/>
            <line number="183" hits="8" branch="true" condition-coverage="50% (1/2)"/>
            <line number="189" hits="8" branch="false"/>
            <line number="192" hits="8" branch="true" condition-coverage="75% (3/4)"/>
            <line number="193" hits="0" branch="false"/>
            <line number="194" hits="0" branch="false"/>
            <line number="197" hits="0" branch="true" condition-coverage="0% (0/2)"/>
            <line number="198" hits="0" branch="false"/>
            <line number="204" hits="8" branch="false"/>
            <line number="207" hits="8" branch="true" condition-coverage="75% (3/4)"/>
            <line number="208" hits="0" branch="false"/>
            <line number="214" hits="8" branch="false"/>
            <line number="215" hits="8" branch="false"/>
            <line number="218" hits="8" branch="true" condition-coverage="100% (2/2)"/>
            <line number="219" hits="2" branch="true" condition-coverage="100% (2/2)"/>
            <line number="220" hits="10" branch="false"/>
            <line number="221" hits="10" branch="false"/>
            <line number="223" hits="6" branch="false"/>
            <line number="229" hits="8" branch="false"/>
            <line number="239" hits="0" branch="false"/>
            <line number="240" hits="0" branch="false"/>
            <line number="243" hits="0" branch="false"/>
            <line number="246" hits="24" branch="false"/>
            <line number="261" hits="1" branch="false"/>
            <line number="265" hits="1" branch="false"/>
            <line number="266" hits="1" branch="true" condition-coverage="50% (1/2)"/>
            <line number="267" hits="0" branch="false"/>
            <line number="268" hits="0" branch="false"/>
          </lines>
        </class>
        <class name="index.ts" filename="src/table/index.ts" line-rate="0" branch-rate="0">
          <methods>
          </methods>
          <lines>
          </lines>
        </class>
      </classes>
    </package>
  </packages>
</coverage>
