{"/Users/liaodelong/Project/TableTest/src/index.ts": {"path":"/Users/liaodelong/Project/TableTest/src/index.ts","statementMap":{},"fnMap":{},"branchMap":{},"s":{},"f":{},"b":{},"_coverageSchema":"1a1c01bbd47fc00a2c39e90264f33305004495a9","hash":"f35ce8a766753b697e56f9bcca297b83a2733aa2"}
,"/Users/liaodelong/Project/TableTest/src/mockData.ts": {"path":"/Users/liaodelong/Project/TableTest/src/mockData.ts","statementMap":{"0":{"start":{"line":15,"column":31},"end":{"line":19,"column":3}},"1":{"start":{"line":15,"column":69},"end":{"line":19,"column":1}},"2":{"start":{"line":20,"column":0},"end":{"line":24,"column":2}},"3":{"start":{"line":26,"column":25},"end":{"line":44,"column":1}},"4":{"start":{"line":41,"column":6},"end":{"line":41,"column":28}}},"fnMap":{"0":{"name":"(anonymous_0)","decl":{"start":{"line":15,"column":58},"end":{"line":15,"column":59}},"loc":{"start":{"line":15,"column":69},"end":{"line":19,"column":1}},"line":15},"1":{"name":"(anonymous_1)","decl":{"start":{"line":40,"column":14},"end":{"line":40,"column":15}},"loc":{"start":{"line":40,"column":36},"end":{"line":42,"column":5}},"line":40}},"branchMap":{"0":{"loc":{"start":{"line":18,"column":7},"end":{"line":18,"column":26}},"type":"cond-expr","locations":[{"start":{"line":18,"column":21},"end":{"line":18,"column":22}},{"start":{"line":18,"column":25},"end":{"line":18,"column":26}}],"line":18},"1":{"loc":{"start":{"line":41,"column":13},"end":{"line":41,"column":28}},"type":"cond-expr","locations":[{"start":{"line":41,"column":19},"end":{"line":41,"column":22}},{"start":{"line":41,"column":25},"end":{"line":41,"column":28}}],"line":41}},"s":{"0":1,"1":499,"2":1,"3":1,"4":2090},"f":{"0":499,"1":2090},"b":{"0":[250,249],"1":[1047,1043]},"_coverageSchema":"1a1c01bbd47fc00a2c39e90264f33305004495a9","hash":"084a2d0a37c22e49b4c863202050e449eeba40bc"}
,"/Users/liaodelong/Project/TableTest/src/types.ts": {"path":"/Users/liaodelong/Project/TableTest/src/types.ts","statementMap":{"0":{"start":{"line":58,"column":26},"end":{"line":87,"column":1}},"1":{"start":{"line":74,"column":6},"end":{"line":74,"column":22}},"2":{"start":{"line":84,"column":6},"end":{"line":84,"column":15}},"3":{"start":{"line":88,"column":27},"end":{"line":111,"column":1}},"4":{"start":{"line":108,"column":6},"end":{"line":108,"column":39}}},"fnMap":{"0":{"name":"(anonymous_0)","decl":{"start":{"line":73,"column":13},"end":{"line":73,"column":14}},"loc":{"start":{"line":73,"column":47},"end":{"line":75,"column":5}},"line":73},"1":{"name":"(anonymous_1)","decl":{"start":{"line":83,"column":13},"end":{"line":83,"column":14}},"loc":{"start":{"line":83,"column":29},"end":{"line":85,"column":5}},"line":83},"2":{"name":"(anonymous_2)","decl":{"start":{"line":107,"column":13},"end":{"line":107,"column":14}},"loc":{"start":{"line":107,"column":31},"end":{"line":109,"column":5}},"line":107}},"branchMap":{"0":{"loc":{"start":{"line":78,"column":10},"end":{"line":78,"column":25}},"type":"binary-expr","locations":[{"start":{"line":78,"column":10},"end":{"line":78,"column":16}},{"start":{"line":78,"column":19},"end":{"line":78,"column":25}}],"line":78},"1":{"loc":{"start":{"line":102,"column":10},"end":{"line":102,"column":31}},"type":"binary-expr","locations":[{"start":{"line":102,"column":10},"end":{"line":102,"column":18}},{"start":{"line":102,"column":22},"end":{"line":102,"column":31}}],"line":102}},"s":{"0":1,"1":2,"2":1,"3":1,"4":0},"f":{"0":2,"1":1,"2":0},"b":{"0":[1,0],"1":[1,0]},"_coverageSchema":"1a1c01bbd47fc00a2c39e90264f33305004495a9","hash":"5a2d74cc621b3d24fc055ce18328207e40504e63"}
,"/Users/liaodelong/Project/TableTest/src/table/Table.tsx": {"path":"/Users/liaodelong/Project/TableTest/src/table/Table.tsx","statementMap":{"0":{"start":{"line":17,"column":14},"end":{"line":17,"column":33}},"1":{"start":{"line":18,"column":20},"end":{"line":18,"column":40}},"2":{"start":{"line":24,"column":4},"end":{"line":24,"column":27}},"3":{"start":{"line":25,"column":30},"end":{"line":30,"column":6}},"4":{"start":{"line":31,"column":18},"end":{"line":31,"column":33}},"5":{"start":{"line":32,"column":40},"end":{"line":32,"column":49}},"6":{"start":{"line":42,"column":8},"end":{"line":42,"column":58}},"7":{"start":{"line":43,"column":27},"end":{"line":45,"column":6}},"8":{"start":{"line":44,"column":6},"end":{"line":44,"column":70}},"9":{"start":{"line":46,"column":38},"end":{"line":46,"column":69}},"10":{"start":{"line":47,"column":22},"end":{"line":47,"column":90}},"11":{"start":{"line":50,"column":4},"end":{"line":52,"column":6}},"12":{"start":{"line":51,"column":6},"end":{"line":51,"column":26}},"13":{"start":{"line":54,"column":4},"end":{"line":75,"column":5}},"14":{"start":{"line":55,"column":21},"end":{"line":55,"column":69}},"15":{"start":{"line":56,"column":22},"end":{"line":56,"column":72}},"16":{"start":{"line":57,"column":19},"end":{"line":57,"column":61}},"17":{"start":{"line":58,"column":25},"end":{"line":58,"column":112}},"18":{"start":{"line":59,"column":6},"end":{"line":74,"column":7}},"19":{"start":{"line":81,"column":22},"end":{"line":81,"column":64}},"20":{"start":{"line":81,"column":52},"end":{"line":81,"column":63}},"21":{"start":{"line":84,"column":2},"end":{"line":88,"column":3}},"22":{"start":{"line":85,"column":18},"end":{"line":85,"column":48}},"23":{"start":{"line":86,"column":4},"end":{"line":86,"column":22}},"24":{"start":{"line":87,"column":4},"end":{"line":87,"column":22}},"25":{"start":{"line":91,"column":2},"end":{"line":95,"column":3}},"26":{"start":{"line":92,"column":18},"end":{"line":92,"column":49}},"27":{"start":{"line":93,"column":4},"end":{"line":93,"column":22}},"28":{"start":{"line":94,"column":4},"end":{"line":94,"column":22}},"29":{"start":{"line":100,"column":2},"end":{"line":104,"column":4}},"30":{"start":{"line":101,"column":4},"end":{"line":103,"column":5}},"31":{"start":{"line":113,"column":25},"end":{"line":118,"column":3}},"32":{"start":{"line":114,"column":19},"end":{"line":114,"column":47}},"33":{"start":{"line":115,"column":4},"end":{"line":117,"column":5}},"34":{"start":{"line":116,"column":6},"end":{"line":116,"column":46}},"35":{"start":{"line":119,"column":25},"end":{"line":124,"column":3}},"36":{"start":{"line":120,"column":19},"end":{"line":120,"column":48}},"37":{"start":{"line":123,"column":4},"end":{"line":123,"column":28}},"38":{"start":{"line":126,"column":2},"end":{"line":147,"column":3}},"39":{"start":{"line":136,"column":38},"end":{"line":136,"column":78}},"40":{"start":{"line":156,"column":2},"end":{"line":180,"column":3}},"41":{"start":{"line":161,"column":31},"end":{"line":161,"column":59}},"42":{"start":{"line":164,"column":12},"end":{"line":170,"column":39}},"43":{"start":{"line":189,"column":2},"end":{"line":211,"column":3}},"44":{"start":{"line":193,"column":10},"end":{"line":207,"column":11}},"45":{"start":{"line":197,"column":34},"end":{"line":197,"column":135}},"46":{"start":{"line":198,"column":18},"end":{"line":199,"column":50}},"47":{"start":{"line":221,"column":2},"end":{"line":234,"column":3}},"48":{"start":{"line":227,"column":10},"end":{"line":228,"column":67}}},"fnMap":{"0":{"name":"(anonymous_0)","decl":{"start":{"line":23,"column":2},"end":{"line":23,"column":3}},"loc":{"start":{"line":23,"column":44},"end":{"line":76,"column":3}},"line":23},"1":{"name":"(anonymous_1)","decl":{"start":{"line":43,"column":36},"end":{"line":43,"column":37}},"loc":{"start":{"line":43,"column":42},"end":{"line":45,"column":5}},"line":43},"2":{"name":"(anonymous_2)","decl":{"start":{"line":50,"column":21},"end":{"line":50,"column":22}},"loc":{"start":{"line":50,"column":33},"end":{"line":52,"column":5}},"line":50},"3":{"name":"(anonymous_3)","decl":{"start":{"line":54,"column":11},"end":{"line":54,"column":12}},"loc":{"start":{"line":54,"column":17},"end":{"line":75,"column":5}},"line":54},"4":{"name":"handlePropsError","decl":{"start":{"line":80,"column":9},"end":{"line":80,"column":25}},"loc":{"start":{"line":80,"column":52},"end":{"line":96,"column":1}},"line":80},"5":{"name":"(anonymous_5)","decl":{"start":{"line":81,"column":42},"end":{"line":81,"column":43}},"loc":{"start":{"line":81,"column":52},"end":{"line":81,"column":63}},"line":81},"6":{"name":"useStyle","decl":{"start":{"line":99,"column":9},"end":{"line":99,"column":17}},"loc":{"start":{"line":99,"column":43},"end":{"line":105,"column":1}},"line":99},"7":{"name":"(anonymous_7)","decl":{"start":{"line":100,"column":18},"end":{"line":100,"column":19}},"loc":{"start":{"line":100,"column":24},"end":{"line":104,"column":3}},"line":100},"8":{"name":"renderHeader","decl":{"start":{"line":108,"column":9},"end":{"line":108,"column":21}},"loc":{"start":{"line":112,"column":2},"end":{"line":148,"column":1}},"line":112},"9":{"name":"(anonymous_9)","decl":{"start":{"line":113,"column":25},"end":{"line":113,"column":26}},"loc":{"start":{"line":113,"column":47},"end":{"line":118,"column":3}},"line":113},"10":{"name":"(anonymous_10)","decl":{"start":{"line":119,"column":25},"end":{"line":119,"column":26}},"loc":{"start":{"line":119,"column":39},"end":{"line":124,"column":3}},"line":119},"11":{"name":"(anonymous_11)","decl":{"start":{"line":136,"column":28},"end":{"line":136,"column":29}},"loc":{"start":{"line":136,"column":38},"end":{"line":136,"column":78}},"line":136},"12":{"name":"renderColumns","decl":{"start":{"line":150,"column":9},"end":{"line":150,"column":22}},"loc":{"start":{"line":155,"column":2},"end":{"line":181,"column":1}},"line":155},"13":{"name":"(anonymous_13)","decl":{"start":{"line":160,"column":28},"end":{"line":160,"column":29}},"loc":{"start":{"line":160,"column":40},"end":{"line":171,"column":11}},"line":160},"14":{"name":"renderBody","decl":{"start":{"line":183,"column":9},"end":{"line":183,"column":19}},"loc":{"start":{"line":188,"column":2},"end":{"line":212,"column":1}},"line":188},"15":{"name":"(anonymous_15)","decl":{"start":{"line":192,"column":28},"end":{"line":192,"column":29}},"loc":{"start":{"line":192,"column":60},"end":{"line":208,"column":9}},"line":192},"16":{"name":"(anonymous_16)","decl":{"start":{"line":196,"column":34},"end":{"line":196,"column":35}},"loc":{"start":{"line":196,"column":106},"end":{"line":200,"column":17}},"line":196},"17":{"name":"renderPagination","decl":{"start":{"line":214,"column":9},"end":{"line":214,"column":25}},"loc":{"start":{"line":220,"column":2},"end":{"line":235,"column":1}},"line":220},"18":{"name":"(anonymous_18)","decl":{"start":{"line":226,"column":49},"end":{"line":226,"column":50}},"loc":{"start":{"line":226,"column":59},"end":{"line":229,"column":9}},"line":226}},"branchMap":{"0":{"loc":{"start":{"line":44,"column":13},"end":{"line":44,"column":70}},"type":"cond-expr","locations":[{"start":{"line":44,"column":38},"end":{"line":44,"column":64}},{"start":{"line":44,"column":68},"end":{"line":44,"column":70}}],"line":44},"1":{"loc":{"start":{"line":58,"column":25},"end":{"line":58,"column":112}},"type":"cond-expr","locations":[{"start":{"line":58,"column":37},"end":{"line":58,"column":107}},{"start":{"line":58,"column":110},"end":{"line":58,"column":112}}],"line":58},"2":{"loc":{"start":{"line":84,"column":2},"end":{"line":88,"column":3}},"type":"if","locations":[{"start":{"line":84,"column":2},"end":{"line":88,"column":3}},{"start":{"line":84,"column":2},"end":{"line":88,"column":3}}],"line":84},"3":{"loc":{"start":{"line":91,"column":2},"end":{"line":95,"column":3}},"type":"if","locations":[{"start":{"line":91,"column":2},"end":{"line":95,"column":3}},{"start":{"line":91,"column":2},"end":{"line":95,"column":3}}],"line":91},"4":{"loc":{"start":{"line":102,"column":17},"end":{"line":102,"column":95}},"type":"cond-expr","locations":[{"start":{"line":102,"column":55},"end":{"line":102,"column":70}},{"start":{"line":102,"column":73},"end":{"line":102,"column":95}}],"line":102},"5":{"loc":{"start":{"line":115,"column":4},"end":{"line":117,"column":5}},"type":"if","locations":[{"start":{"line":115,"column":4},"end":{"line":117,"column":5}},{"start":{"line":115,"column":4},"end":{"line":117,"column":5}}],"line":115},"6":{"loc":{"start":{"line":129,"column":8},"end":{"line":144,"column":14}},"type":"cond-expr","locations":[{"start":{"line":130,"column":10},"end":{"line":143,"column":16}},{"start":{"line":144,"column":12},"end":{"line":144,"column":14}}],"line":129},"7":{"loc":{"start":{"line":164,"column":19},"end":{"line":170,"column":39}},"type":"cond-expr","locations":[{"start":{"line":165,"column":14},"end":{"line":165,"column":47}},{"start":{"line":166,"column":14},"end":{"line":170,"column":39}}],"line":164},"8":{"loc":{"start":{"line":174,"column":10},"end":{"line":176,"column":14}},"type":"cond-expr","locations":[{"start":{"line":175,"column":12},"end":{"line":175,"column":23}},{"start":{"line":176,"column":12},"end":{"line":176,"column":14}}],"line":174},"9":{"loc":{"start":{"line":197,"column":34},"end":{"line":197,"column":135}},"type":"binary-expr","locations":[{"start":{"line":197,"column":35},"end":{"line":197,"column":127}},{"start":{"line":197,"column":132},"end":{"line":197,"column":135}}],"line":197},"10":{"loc":{"start":{"line":197,"column":35},"end":{"line":197,"column":127}},"type":"cond-expr","locations":[{"start":{"line":197,"column":53},"end":{"line":197,"column":97}},{"start":{"line":197,"column":100},"end":{"line":197,"column":127}}],"line":197},"11":{"loc":{"start":{"line":204,"column":17},"end":{"line":204,"column":63}},"type":"cond-expr","locations":[{"start":{"line":204,"column":34},"end":{"line":204,"column":58}},{"start":{"line":204,"column":61},"end":{"line":204,"column":63}}],"line":204}},"s":{"0":1,"1":1,"2":9,"3":7,"4":7,"5":7,"6":7,"7":7,"8":7,"9":7,"10":7,"11":7,"12":8,"13":7,"14":16,"15":16,"16":16,"17":16,"18":16,"19":9,"20":26,"21":9,"22":1,"23":1,"24":1,"25":8,"26":1,"27":1,"28":1,"29":7,"30":8,"31":16,"32":2,"33":2,"34":2,"35":16,"36":1,"37":1,"38":16,"39":45,"40":16,"41":48,"42":48,"43":16,"44":1590,"45":4770,"46":4770,"47":14,"48":402},"f":{"0":9,"1":7,"2":8,"3":16,"4":9,"5":26,"6":7,"7":8,"8":16,"9":2,"10":1,"11":45,"12":16,"13":48,"14":16,"15":1590,"16":4770,"17":14,"18":402},"b":{"0":[6,1],"1":[14,2],"2":[1,8],"3":[1,7],"4":[1,7],"5":[2,0],"6":[15,1],"7":[1,47],"8":[1,15],"9":[4770,4],"10":[1590,3180],"11":[10,1580]},"_coverageSchema":"1a1c01bbd47fc00a2c39e90264f33305004495a9","hash":"d5cdbfed86b431e6f2e0ec5acc1e9973dd4d3fb2"}
,"/Users/liaodelong/Project/TableTest/src/table/components/Column.tsx": {"path":"/Users/liaodelong/Project/TableTest/src/table/components/Column.tsx","statementMap":{"0":{"start":{"line":8,"column":22},"end":{"line":8,"column":33}},"1":{"start":{"line":9,"column":21},"end":{"line":9,"column":41}},"2":{"start":{"line":10,"column":24},"end":{"line":10,"column":37}},"3":{"start":{"line":11,"column":24},"end":{"line":11,"column":55}},"4":{"start":{"line":13,"column":25},"end":{"line":15,"column":9}},"5":{"start":{"line":14,"column":12},"end":{"line":14,"column":32}},"6":{"start":{"line":16,"column":8},"end":{"line":29,"column":9}},"7":{"start":{"line":17,"column":12},"end":{"line":28,"column":13}},"8":{"start":{"line":33,"column":17},"end":{"line":41,"column":1}},"9":{"start":{"line":34,"column":4},"end":{"line":40,"column":6}},"10":{"start":{"line":35,"column":8},"end":{"line":39,"column":9}}},"fnMap":{"0":{"name":"(anonymous_0)","decl":{"start":{"line":7,"column":4},"end":{"line":7,"column":5}},"loc":{"start":{"line":7,"column":28},"end":{"line":30,"column":5}},"line":7},"1":{"name":"(anonymous_1)","decl":{"start":{"line":13,"column":25},"end":{"line":13,"column":26}},"loc":{"start":{"line":13,"column":31},"end":{"line":15,"column":9}},"line":13},"2":{"name":"(anonymous_2)","decl":{"start":{"line":16,"column":15},"end":{"line":16,"column":16}},"loc":{"start":{"line":16,"column":21},"end":{"line":29,"column":9}},"line":16},"3":{"name":"(anonymous_3)","decl":{"start":{"line":33,"column":17},"end":{"line":33,"column":18}},"loc":{"start":{"line":33,"column":58},"end":{"line":41,"column":1}},"line":33},"4":{"name":"(anonymous_4)","decl":{"start":{"line":34,"column":20},"end":{"line":34,"column":21}},"loc":{"start":{"line":34,"column":26},"end":{"line":40,"column":5}},"line":34}},"branchMap":{"0":{"loc":{"start":{"line":21,"column":24},"end":{"line":25,"column":26}},"type":"cond-expr","locations":[{"start":{"line":23,"column":24},"end":{"line":24,"column":56}},{"start":{"line":25,"column":24},"end":{"line":25,"column":26}}],"line":21},"1":{"loc":{"start":{"line":37,"column":19},"end":{"line":37,"column":66}},"type":"binary-expr","locations":[{"start":{"line":37,"column":19},"end":{"line":37,"column":42}},{"start":{"line":37,"column":46},"end":{"line":37,"column":66}}],"line":37},"2":{"loc":{"start":{"line":38,"column":19},"end":{"line":38,"column":65}},"type":"binary-expr","locations":[{"start":{"line":38,"column":19},"end":{"line":38,"column":42}},{"start":{"line":38,"column":46},"end":{"line":38,"column":65}}],"line":38}},"s":{"0":20,"1":20,"2":20,"3":20,"4":20,"5":2,"6":20,"7":23,"8":1,"9":20,"10":16},"f":{"0":20,"1":2,"2":23,"3":20,"4":16},"b":{"0":[16,7],"1":[16,2],"2":[16,2]},"_coverageSchema":"1a1c01bbd47fc00a2c39e90264f33305004495a9","hash":"a9119f2d780c35e0313a3ba7c417985645f1aadb"}
,"/Users/liaodelong/Project/TableTest/src/table/composables/filter.ts": {"path":"/Users/liaodelong/Project/TableTest/src/table/composables/filter.ts","statementMap":{"0":{"start":{"line":9,"column":14},"end":{"line":9,"column":35}},"1":{"start":{"line":15,"column":18},"end":{"line":31,"column":1}},"2":{"start":{"line":16,"column":22},"end":{"line":19,"column":4}},"3":{"start":{"line":21,"column":17},"end":{"line":25,"column":3}},"4":{"start":{"line":22,"column":4},"end":{"line":22,"column":31}},"5":{"start":{"line":23,"column":4},"end":{"line":23,"column":41}},"6":{"start":{"line":24,"column":4},"end":{"line":24,"column":99}},"7":{"start":{"line":27,"column":2},"end":{"line":30,"column":3}}},"fnMap":{"0":{"name":"(anonymous_0)","decl":{"start":{"line":15,"column":18},"end":{"line":15,"column":19}},"loc":{"start":{"line":15,"column":68},"end":{"line":31,"column":1}},"line":15},"1":{"name":"(anonymous_1)","decl":{"start":{"line":21,"column":17},"end":{"line":21,"column":18}},"loc":{"start":{"line":21,"column":58},"end":{"line":25,"column":3}},"line":21}},"branchMap":{},"s":{"0":1,"1":1,"2":7,"3":7,"4":3,"5":3,"6":3,"7":7},"f":{"0":7,"1":3},"b":{},"_coverageSchema":"1a1c01bbd47fc00a2c39e90264f33305004495a9","hash":"178783e44891e2d79f92e2b5156779a1a9a93eff"}
,"/Users/liaodelong/Project/TableTest/src/table/composables/pagination.ts": {"path":"/Users/liaodelong/Project/TableTest/src/table/composables/pagination.ts","statementMap":{"0":{"start":{"line":9,"column":14},"end":{"line":9,"column":39}},"1":{"start":{"line":19,"column":22},"end":{"line":71,"column":1}},"2":{"start":{"line":22,"column":43},"end":{"line":26,"column":16}},"3":{"start":{"line":29,"column":35},"end":{"line":31,"column":4}},"4":{"start":{"line":30,"column":4},"end":{"line":30,"column":74}},"5":{"start":{"line":34,"column":2},"end":{"line":36,"column":4}},"6":{"start":{"line":35,"column":4},"end":{"line":35,"column":76}},"7":{"start":{"line":38,"column":21},"end":{"line":43,"column":3}},"8":{"start":{"line":41,"column":4},"end":{"line":41,"column":32}},"9":{"start":{"line":42,"column":4},"end":{"line":42,"column":34}},"10":{"start":{"line":45,"column":19},"end":{"line":49,"column":3}},"11":{"start":{"line":46,"column":24},"end":{"line":46,"column":48}},"12":{"start":{"line":47,"column":4},"end":{"line":47,"column":61}},"13":{"start":{"line":48,"column":4},"end":{"line":48,"column":22}},"14":{"start":{"line":51,"column":17},"end":{"line":55,"column":3}},"15":{"start":{"line":52,"column":22},"end":{"line":52,"column":46}},"16":{"start":{"line":53,"column":4},"end":{"line":53,"column":88}},"17":{"start":{"line":54,"column":4},"end":{"line":54,"column":20}},"18":{"start":{"line":57,"column":23},"end":{"line":59,"column":3}},"19":{"start":{"line":58,"column":4},"end":{"line":58,"column":28}},"20":{"start":{"line":61,"column":2},"end":{"line":70,"column":3}}},"fnMap":{"0":{"name":"(anonymous_0)","decl":{"start":{"line":19,"column":22},"end":{"line":19,"column":23}},"loc":{"start":{"line":19,"column":114},"end":{"line":71,"column":1}},"line":19},"1":{"name":"(anonymous_1)","decl":{"start":{"line":29,"column":44},"end":{"line":29,"column":45}},"loc":{"start":{"line":29,"column":50},"end":{"line":31,"column":3}},"line":29},"2":{"name":"(anonymous_2)","decl":{"start":{"line":34,"column":21},"end":{"line":34,"column":22}},"loc":{"start":{"line":34,"column":27},"end":{"line":36,"column":3}},"line":34},"3":{"name":"(anonymous_3)","decl":{"start":{"line":38,"column":21},"end":{"line":38,"column":22}},"loc":{"start":{"line":38,"column":40},"end":{"line":43,"column":3}},"line":38},"4":{"name":"(anonymous_4)","decl":{"start":{"line":45,"column":19},"end":{"line":45,"column":20}},"loc":{"start":{"line":45,"column":25},"end":{"line":49,"column":3}},"line":45},"5":{"name":"(anonymous_5)","decl":{"start":{"line":51,"column":17},"end":{"line":51,"column":18}},"loc":{"start":{"line":51,"column":23},"end":{"line":55,"column":3}},"line":51},"6":{"name":"(anonymous_6)","decl":{"start":{"line":57,"column":23},"end":{"line":57,"column":24}},"loc":{"start":{"line":57,"column":42},"end":{"line":59,"column":3}},"line":57}},"branchMap":{"0":{"loc":{"start":{"line":22,"column":43},"end":{"line":26,"column":16}},"type":"cond-expr","locations":[{"start":{"line":22,"column":54},"end":{"line":26,"column":4}},{"start":{"line":26,"column":7},"end":{"line":26,"column":16}}],"line":22},"1":{"loc":{"start":{"line":30,"column":11},"end":{"line":30,"column":74}},"type":"cond-expr","locations":[{"start":{"line":30,"column":23},"end":{"line":30,"column":70}},{"start":{"line":30,"column":73},"end":{"line":30,"column":74}}],"line":30},"2":{"loc":{"start":{"line":47,"column":27},"end":{"line":47,"column":61}},"type":"cond-expr","locations":[{"start":{"line":47,"column":46},"end":{"line":47,"column":47}},{"start":{"line":47,"column":50},"end":{"line":47,"column":61}}],"line":47},"3":{"loc":{"start":{"line":53,"column":27},"end":{"line":53,"column":88}},"type":"cond-expr","locations":[{"start":{"line":53,"column":59},"end":{"line":53,"column":76}},{"start":{"line":53,"column":79},"end":{"line":53,"column":88}}],"line":53}},"s":{"0":1,"1":1,"2":7,"3":7,"4":9,"5":7,"6":2,"7":7,"8":2,"9":2,"10":7,"11":2,"12":2,"13":2,"14":7,"15":2,"16":2,"17":2,"18":7,"19":14,"20":7},"f":{"0":7,"1":9,"2":2,"3":2,"4":2,"5":2,"6":14},"b":{"0":[6,1],"1":[8,1],"2":[1,1],"3":[1,1]},"_coverageSchema":"1a1c01bbd47fc00a2c39e90264f33305004495a9","hash":"13cbed0780fb4404c9791d29763843c393b081d1"}
,"/Users/liaodelong/Project/TableTest/src/table/composables/sort.ts": {"path":"/Users/liaodelong/Project/TableTest/src/table/composables/sort.ts","statementMap":{"0":{"start":{"line":9,"column":14},"end":{"line":9,"column":33}},"1":{"start":{"line":11,"column":12},"end":{"line":11,"column":13}},"2":{"start":{"line":12,"column":12},"end":{"line":12,"column":13}},"3":{"start":{"line":18,"column":16},"end":{"line":43,"column":1}},"4":{"start":{"line":19,"column":32},"end":{"line":22,"column":4}},"5":{"start":{"line":24,"column":21},"end":{"line":37,"column":3}},"6":{"start":{"line":27,"column":4},"end":{"line":34,"column":5}},"7":{"start":{"line":28,"column":6},"end":{"line":28,"column":27}},"8":{"start":{"line":29,"column":6},"end":{"line":29,"column":31}},"9":{"start":{"line":30,"column":11},"end":{"line":34,"column":5}},"10":{"start":{"line":31,"column":6},"end":{"line":31,"column":25}},"11":{"start":{"line":33,"column":6},"end":{"line":33,"column":67}},"12":{"start":{"line":36,"column":4},"end":{"line":36,"column":64}},"13":{"start":{"line":39,"column":2},"end":{"line":42,"column":3}}},"fnMap":{"0":{"name":"(anonymous_0)","decl":{"start":{"line":18,"column":16},"end":{"line":18,"column":17}},"loc":{"start":{"line":18,"column":46},"end":{"line":43,"column":1}},"line":18},"1":{"name":"(anonymous_1)","decl":{"start":{"line":24,"column":21},"end":{"line":24,"column":22}},"loc":{"start":{"line":24,"column":39},"end":{"line":37,"column":3}},"line":24}},"branchMap":{"0":{"loc":{"start":{"line":27,"column":4},"end":{"line":34,"column":5}},"type":"if","locations":[{"start":{"line":27,"column":4},"end":{"line":34,"column":5}},{"start":{"line":27,"column":4},"end":{"line":34,"column":5}}],"line":27},"1":{"loc":{"start":{"line":30,"column":11},"end":{"line":34,"column":5}},"type":"if","locations":[{"start":{"line":30,"column":11},"end":{"line":34,"column":5}},{"start":{"line":30,"column":11},"end":{"line":34,"column":5}}],"line":30},"2":{"loc":{"start":{"line":30,"column":15},"end":{"line":30,"column":68}},"type":"binary-expr","locations":[{"start":{"line":30,"column":15},"end":{"line":30,"column":37}},{"start":{"line":30,"column":41},"end":{"line":30,"column":68}}],"line":30},"3":{"loc":{"start":{"line":36,"column":27},"end":{"line":36,"column":62}},"type":"cond-expr","locations":[{"start":{"line":36,"column":49},"end":{"line":36,"column":54}},{"start":{"line":36,"column":57},"end":{"line":36,"column":62}}],"line":36}},"s":{"0":1,"1":1,"2":1,"3":1,"4":7,"5":7,"6":2,"7":1,"8":1,"9":1,"10":0,"11":1,"12":2,"13":7},"f":{"0":7,"1":2},"b":{"0":[1,1],"1":[0,1],"2":[1,1],"3":[1,1]},"_coverageSchema":"1a1c01bbd47fc00a2c39e90264f33305004495a9","hash":"cf3b9c90b4be7eec9cc93a8bcf9be6d1828c43d8"}
,"/Users/liaodelong/Project/TableTest/src/table/composables/tableData.ts": {"path":"/Users/liaodelong/Project/TableTest/src/table/composables/tableData.ts","statementMap":{"0":{"start":{"line":10,"column":21},"end":{"line":80,"column":1}},"1":{"start":{"line":17,"column":20},"end":{"line":77,"column":4}},"2":{"start":{"line":41,"column":18},"end":{"line":41,"column":34}},"3":{"start":{"line":42,"column":36},"end":{"line":42,"column":47}},"4":{"start":{"line":45,"column":4},"end":{"line":54,"column":5}},"5":{"start":{"line":46,"column":23},"end":{"line":46,"column":89}},"6":{"start":{"line":46,"column":54},"end":{"line":46,"column":76}},"7":{"start":{"line":47,"column":6},"end":{"line":53,"column":8}},"8":{"start":{"line":50,"column":27},"end":{"line":50,"column":88}},"9":{"start":{"line":51,"column":8},"end":{"line":52,"column":52}},"10":{"start":{"line":57,"column":4},"end":{"line":59,"column":5}},"11":{"start":{"line":58,"column":6},"end":{"line":58,"column":20}},"12":{"start":{"line":62,"column":4},"end":{"line":62,"column":32}},"13":{"start":{"line":65,"column":18},"end":{"line":65,"column":64}},"14":{"start":{"line":66,"column":16},"end":{"line":66,"column":42}},"15":{"start":{"line":69,"column":4},"end":{"line":73,"column":5}},"16":{"start":{"line":70,"column":6},"end":{"line":72,"column":106}},"17":{"start":{"line":71,"column":58},"end":{"line":71,"column":77}},"18":{"start":{"line":72,"column":58},"end":{"line":72,"column":77}},"19":{"start":{"line":76,"column":4},"end":{"line":76,"column":36}},"20":{"start":{"line":79,"column":2},"end":{"line":79,"column":18}}},"fnMap":{"0":{"name":"(anonymous_0)","decl":{"start":{"line":10,"column":21},"end":{"line":10,"column":22}},"loc":{"start":{"line":16,"column":37},"end":{"line":80,"column":1}},"line":16},"1":{"name":"(anonymous_1)","decl":{"start":{"line":17,"column":29},"end":{"line":17,"column":30}},"loc":{"start":{"line":17,"column":35},"end":{"line":77,"column":3}},"line":17},"2":{"name":"(anonymous_2)","decl":{"start":{"line":46,"column":44},"end":{"line":46,"column":45}},"loc":{"start":{"line":46,"column":54},"end":{"line":46,"column":76}},"line":46},"3":{"name":"(anonymous_3)","decl":{"start":{"line":47,"column":31},"end":{"line":47,"column":32}},"loc":{"start":{"line":47,"column":39},"end":{"line":53,"column":7}},"line":47},"4":{"name":"(anonymous_4)","decl":{"start":{"line":71,"column":24},"end":{"line":71,"column":25}},"loc":{"start":{"line":71,"column":58},"end":{"line":71,"column":77}},"line":71},"5":{"name":"(anonymous_5)","decl":{"start":{"line":72,"column":24},"end":{"line":72,"column":25}},"loc":{"start":{"line":72,"column":58},"end":{"line":72,"column":77}},"line":72}},"branchMap":{"0":{"loc":{"start":{"line":41,"column":18},"end":{"line":41,"column":34}},"type":"binary-expr","locations":[{"start":{"line":41,"column":18},"end":{"line":41,"column":28}},{"start":{"line":41,"column":32},"end":{"line":41,"column":34}}],"line":41},"1":{"loc":{"start":{"line":45,"column":4},"end":{"line":54,"column":5}},"type":"if","locations":[{"start":{"line":45,"column":4},"end":{"line":54,"column":5}},{"start":{"line":45,"column":4},"end":{"line":54,"column":5}}],"line":45},"2":{"loc":{"start":{"line":45,"column":8},"end":{"line":45,"column":29}},"type":"binary-expr","locations":[{"start":{"line":45,"column":8},"end":{"line":45,"column":14}},{"start":{"line":45,"column":18},"end":{"line":45,"column":29}}],"line":45},"3":{"loc":{"start":{"line":50,"column":28},"end":{"line":50,"column":76}},"type":"cond-expr","locations":[{"start":{"line":50,"column":39},"end":{"line":50,"column":61}},{"start":{"line":50,"column":64},"end":{"line":50,"column":76}}],"line":50},"4":{"loc":{"start":{"line":57,"column":4},"end":{"line":59,"column":5}},"type":"if","locations":[{"start":{"line":57,"column":4},"end":{"line":59,"column":5}},{"start":{"line":57,"column":4},"end":{"line":59,"column":5}}],"line":57},"5":{"loc":{"start":{"line":57,"column":8},"end":{"line":57,"column":30}},"type":"binary-expr","locations":[{"start":{"line":57,"column":8},"end":{"line":57,"column":16}},{"start":{"line":57,"column":20},"end":{"line":57,"column":30}}],"line":57},"6":{"loc":{"start":{"line":69,"column":4},"end":{"line":73,"column":5}},"type":"if","locations":[{"start":{"line":69,"column":4},"end":{"line":73,"column":5}},{"start":{"line":69,"column":4},"end":{"line":73,"column":5}}],"line":69},"7":{"loc":{"start":{"line":70,"column":13},"end":{"line":72,"column":106}},"type":"cond-expr","locations":[{"start":{"line":71,"column":8},"end":{"line":71,"column":96}},{"start":{"line":72,"column":8},"end":{"line":72,"column":106}}],"line":70}},"s":{"0":1,"1":7,"2":15,"3":15,"4":15,"5":2,"6":6,"7":2,"8":1000,"9":1000,"10":15,"11":1,"12":14,"13":14,"14":14,"15":14,"16":2,"17":500,"18":500,"19":12,"20":7},"f":{"0":7,"1":15,"2":6,"3":1000,"4":500,"5":500},"b":{"0":[15,0],"1":[2,13],"2":[15,14],"3":[500,500],"4":[1,14],"5":[15,15],"6":[2,12],"7":[1,1]},"_coverageSchema":"1a1c01bbd47fc00a2c39e90264f33305004495a9","hash":"3768e9b62f9f48e7e7677ff4a5db49988afa6675"}
}
