{"/Users/liaodelong/Project/TableTest/src/mockData.ts": {"path":"/Users/liaodelong/Project/TableTest/src/mockData.ts","statementMap":{"0":{"start":{"line":15,"column":38},"end":{"line":19,"column":3}},"1":{"start":{"line":15,"column":76},"end":{"line":19,"column":1}},"2":{"start":{"line":21,"column":32},"end":{"line":39,"column":1}},"3":{"start":{"line":36,"column":6},"end":{"line":36,"column":28}}},"fnMap":{"0":{"name":"(anonymous_0)","decl":{"start":{"line":15,"column":65},"end":{"line":15,"column":66}},"loc":{"start":{"line":15,"column":76},"end":{"line":19,"column":1}},"line":15},"1":{"name":"(anonymous_1)","decl":{"start":{"line":35,"column":14},"end":{"line":35,"column":15}},"loc":{"start":{"line":35,"column":36},"end":{"line":37,"column":5}},"line":35}},"branchMap":{"0":{"loc":{"start":{"line":18,"column":7},"end":{"line":18,"column":26}},"type":"cond-expr","locations":[{"start":{"line":18,"column":21},"end":{"line":18,"column":22}},{"start":{"line":18,"column":25},"end":{"line":18,"column":26}}],"line":18},"1":{"loc":{"start":{"line":36,"column":13},"end":{"line":36,"column":28}},"type":"cond-expr","locations":[{"start":{"line":36,"column":19},"end":{"line":36,"column":22}},{"start":{"line":36,"column":25},"end":{"line":36,"column":28}}],"line":36}},"s":{"0":1,"1":500,"2":1,"3":260},"f":{"0":500,"1":260},"b":{"0":[250,250],"1":[130,130]},"_coverageSchema":"1a1c01bbd47fc00a2c39e90264f33305004495a9","hash":"5f0c8d5bf99b15a327c7f899400eb9a27f29bddc"}
,"/Users/liaodelong/Project/TableTest/src/table/Column.tsx": {"path":"/Users/liaodelong/Project/TableTest/src/table/Column.tsx","statementMap":{"0":{"start":{"line":8,"column":22},"end":{"line":8,"column":33}},"1":{"start":{"line":9,"column":21},"end":{"line":9,"column":31}},"2":{"start":{"line":10,"column":24},"end":{"line":10,"column":37}},"3":{"start":{"line":11,"column":24},"end":{"line":11,"column":39}},"4":{"start":{"line":13,"column":25},"end":{"line":15,"column":9}},"5":{"start":{"line":14,"column":12},"end":{"line":14,"column":32}},"6":{"start":{"line":16,"column":8},"end":{"line":29,"column":9}},"7":{"start":{"line":17,"column":12},"end":{"line":28,"column":13}},"8":{"start":{"line":33,"column":17},"end":{"line":41,"column":1}},"9":{"start":{"line":34,"column":4},"end":{"line":40,"column":6}},"10":{"start":{"line":35,"column":8},"end":{"line":39,"column":9}}},"fnMap":{"0":{"name":"(anonymous_0)","decl":{"start":{"line":7,"column":4},"end":{"line":7,"column":5}},"loc":{"start":{"line":7,"column":35},"end":{"line":30,"column":5}},"line":7},"1":{"name":"(anonymous_1)","decl":{"start":{"line":13,"column":25},"end":{"line":13,"column":26}},"loc":{"start":{"line":13,"column":31},"end":{"line":15,"column":9}},"line":13},"2":{"name":"(anonymous_2)","decl":{"start":{"line":16,"column":15},"end":{"line":16,"column":16}},"loc":{"start":{"line":16,"column":21},"end":{"line":29,"column":9}},"line":16},"3":{"name":"(anonymous_3)","decl":{"start":{"line":33,"column":17},"end":{"line":33,"column":18}},"loc":{"start":{"line":33,"column":47},"end":{"line":41,"column":1}},"line":33},"4":{"name":"(anonymous_4)","decl":{"start":{"line":34,"column":20},"end":{"line":34,"column":21}},"loc":{"start":{"line":34,"column":26},"end":{"line":40,"column":5}},"line":34}},"branchMap":{"0":{"loc":{"start":{"line":21,"column":24},"end":{"line":25,"column":26}},"type":"cond-expr","locations":[{"start":{"line":23,"column":24},"end":{"line":24,"column":56}},{"start":{"line":25,"column":24},"end":{"line":25,"column":26}}],"line":21},"1":{"loc":{"start":{"line":37,"column":19},"end":{"line":37,"column":82}},"type":"binary-expr","locations":[{"start":{"line":37,"column":19},"end":{"line":37,"column":57}},{"start":{"line":37,"column":61},"end":{"line":37,"column":82}}],"line":37},"2":{"loc":{"start":{"line":38,"column":19},"end":{"line":38,"column":81}},"type":"binary-expr","locations":[{"start":{"line":38,"column":19},"end":{"line":38,"column":57}},{"start":{"line":38,"column":61},"end":{"line":38,"column":81}}],"line":38}},"s":{"0":15,"1":15,"2":15,"3":15,"4":15,"5":2,"6":15,"7":18,"8":1,"9":15,"10":13},"f":{"0":15,"1":2,"2":18,"3":15,"4":13},"b":{"0":[13,5],"1":[13,2],"2":[13,2]},"_coverageSchema":"1a1c01bbd47fc00a2c39e90264f33305004495a9","hash":"834bc7dace7a7a628abc967877d3dbf34797a179"}
,"/Users/liaodelong/Project/TableTest/src/table/Table.tsx": {"path":"/Users/liaodelong/Project/TableTest/src/table/Table.tsx","statementMap":{"0":{"start":{"line":11,"column":14},"end":{"line":11,"column":33}},"1":{"start":{"line":31,"column":18},"end":{"line":31,"column":33}},"2":{"start":{"line":32,"column":30},"end":{"line":44,"column":6}},"3":{"start":{"line":45,"column":22},"end":{"line":45,"column":41}},"4":{"start":{"line":46,"column":17},"end":{"line":51,"column":6}},"5":{"start":{"line":47,"column":6},"end":{"line":49,"column":7}},"6":{"start":{"line":48,"column":8},"end":{"line":48,"column":65}},"7":{"start":{"line":50,"column":6},"end":{"line":50,"column":14}},"8":{"start":{"line":54,"column":4},"end":{"line":56,"column":6}},"9":{"start":{"line":55,"column":6},"end":{"line":55,"column":26}},"10":{"start":{"line":62,"column":22},"end":{"line":81,"column":5}},"11":{"start":{"line":65,"column":6},"end":{"line":67,"column":7}},"12":{"start":{"line":66,"column":8},"end":{"line":66,"column":38}},"13":{"start":{"line":70,"column":6},"end":{"line":75,"column":7}},"14":{"start":{"line":71,"column":8},"end":{"line":71,"column":37}},"15":{"start":{"line":72,"column":8},"end":{"line":72,"column":34}},"16":{"start":{"line":74,"column":8},"end":{"line":74,"column":50}},"17":{"start":{"line":77,"column":6},"end":{"line":77,"column":63}},"18":{"start":{"line":80,"column":6},"end":{"line":80,"column":55}},"19":{"start":{"line":84,"column":23},"end":{"line":97,"column":5}},"20":{"start":{"line":85,"column":6},"end":{"line":87,"column":7}},"21":{"start":{"line":86,"column":8},"end":{"line":86,"column":14}},"22":{"start":{"line":88,"column":6},"end":{"line":90,"column":7}},"23":{"start":{"line":89,"column":8},"end":{"line":89,"column":14}},"24":{"start":{"line":91,"column":6},"end":{"line":91,"column":41}},"25":{"start":{"line":93,"column":6},"end":{"line":93,"column":33}},"26":{"start":{"line":96,"column":6},"end":{"line":96,"column":32}},"27":{"start":{"line":99,"column":4},"end":{"line":165,"column":5}},"28":{"start":{"line":100,"column":24},"end":{"line":100,"column":38}},"29":{"start":{"line":101,"column":6},"end":{"line":164,"column":7}},"30":{"start":{"line":114,"column":20},"end":{"line":120,"column":52}},"31":{"start":{"line":134,"column":18},"end":{"line":145,"column":26}},"32":{"start":{"line":137,"column":42},"end":{"line":137,"column":123}},"33":{"start":{"line":138,"column":26},"end":{"line":139,"column":68}},"34":{"start":{"line":155,"column":20},"end":{"line":156,"column":91}},"35":{"start":{"line":171,"column":2},"end":{"line":175,"column":4}},"36":{"start":{"line":172,"column":4},"end":{"line":174,"column":5}},"37":{"start":{"line":180,"column":2},"end":{"line":224,"column":4}},"38":{"start":{"line":181,"column":4},"end":{"line":181,"column":24}},"39":{"start":{"line":183,"column":18},"end":{"line":183,"column":34}},"40":{"start":{"line":189,"column":8},"end":{"line":189,"column":13}},"41":{"start":{"line":192,"column":4},"end":{"line":201,"column":5}},"42":{"start":{"line":193,"column":23},"end":{"line":193,"column":89}},"43":{"start":{"line":193,"column":54},"end":{"line":193,"column":76}},"44":{"start":{"line":194,"column":6},"end":{"line":200,"column":8}},"45":{"start":{"line":197,"column":27},"end":{"line":197,"column":88}},"46":{"start":{"line":198,"column":8},"end":{"line":199,"column":52}},"47":{"start":{"line":204,"column":4},"end":{"line":204,"column":32}},"48":{"start":{"line":207,"column":4},"end":{"line":209,"column":5}},"49":{"start":{"line":208,"column":6},"end":{"line":208,"column":20}},"50":{"start":{"line":214,"column":18},"end":{"line":214,"column":66}},"51":{"start":{"line":215,"column":16},"end":{"line":215,"column":43}},"52":{"start":{"line":218,"column":4},"end":{"line":222,"column":5}},"53":{"start":{"line":219,"column":6},"end":{"line":221,"column":104}},"54":{"start":{"line":220,"column":54},"end":{"line":220,"column":75}},"55":{"start":{"line":221,"column":54},"end":{"line":221,"column":75}},"56":{"start":{"line":223,"column":4},"end":{"line":223,"column":36}},"57":{"start":{"line":229,"column":2},"end":{"line":258,"column":3}},"58":{"start":{"line":239,"column":35},"end":{"line":239,"column":64}},"59":{"start":{"line":240,"column":20},"end":{"line":240,"column":47}},"60":{"start":{"line":243,"column":20},"end":{"line":243,"column":42}},"61":{"start":{"line":246,"column":36},"end":{"line":246,"column":76}},"62":{"start":{"line":261,"column":15},"end":{"line":270,"column":1}},"63":{"start":{"line":265,"column":17},"end":{"line":265,"column":45}},"64":{"start":{"line":266,"column":2},"end":{"line":269,"column":3}},"65":{"start":{"line":267,"column":4},"end":{"line":267,"column":36}},"66":{"start":{"line":268,"column":4},"end":{"line":268,"column":63}}},"fnMap":{"0":{"name":"(anonymous_0)","decl":{"start":{"line":30,"column":2},"end":{"line":30,"column":3}},"loc":{"start":{"line":30,"column":50},"end":{"line":166,"column":3}},"line":30},"1":{"name":"(anonymous_1)","decl":{"start":{"line":46,"column":26},"end":{"line":46,"column":27}},"loc":{"start":{"line":46,"column":32},"end":{"line":51,"column":5}},"line":46},"2":{"name":"(anonymous_2)","decl":{"start":{"line":54,"column":21},"end":{"line":54,"column":22}},"loc":{"start":{"line":54,"column":33},"end":{"line":56,"column":5}},"line":54},"3":{"name":"(anonymous_3)","decl":{"start":{"line":62,"column":22},"end":{"line":62,"column":23}},"loc":{"start":{"line":62,"column":40},"end":{"line":81,"column":5}},"line":62},"4":{"name":"(anonymous_4)","decl":{"start":{"line":84,"column":23},"end":{"line":84,"column":24}},"loc":{"start":{"line":84,"column":42},"end":{"line":97,"column":5}},"line":84},"5":{"name":"(anonymous_5)","decl":{"start":{"line":99,"column":11},"end":{"line":99,"column":12}},"loc":{"start":{"line":99,"column":17},"end":{"line":165,"column":5}},"line":99},"6":{"name":"(anonymous_6)","decl":{"start":{"line":111,"column":36},"end":{"line":111,"column":37}},"loc":{"start":{"line":111,"column":46},"end":{"line":121,"column":19}},"line":111},"7":{"name":"(anonymous_7)","decl":{"start":{"line":133,"column":36},"end":{"line":133,"column":37}},"loc":{"start":{"line":133,"column":44},"end":{"line":146,"column":17}},"line":133},"8":{"name":"(anonymous_8)","decl":{"start":{"line":136,"column":42},"end":{"line":136,"column":43}},"loc":{"start":{"line":136,"column":52},"end":{"line":140,"column":25}},"line":136},"9":{"name":"(anonymous_9)","decl":{"start":{"line":154,"column":52},"end":{"line":154,"column":53}},"loc":{"start":{"line":154,"column":62},"end":{"line":157,"column":19}},"line":154},"10":{"name":"useStyle","decl":{"start":{"line":170,"column":9},"end":{"line":170,"column":17}},"loc":{"start":{"line":170,"column":44},"end":{"line":176,"column":1}},"line":170},"11":{"name":"(anonymous_11)","decl":{"start":{"line":171,"column":18},"end":{"line":171,"column":19}},"loc":{"start":{"line":171,"column":24},"end":{"line":175,"column":3}},"line":171},"12":{"name":"useTableData","decl":{"start":{"line":179,"column":9},"end":{"line":179,"column":21}},"loc":{"start":{"line":179,"column":42},"end":{"line":225,"column":1}},"line":179},"13":{"name":"(anonymous_13)","decl":{"start":{"line":180,"column":18},"end":{"line":180,"column":19}},"loc":{"start":{"line":180,"column":24},"end":{"line":224,"column":3}},"line":180},"14":{"name":"(anonymous_14)","decl":{"start":{"line":193,"column":44},"end":{"line":193,"column":45}},"loc":{"start":{"line":193,"column":54},"end":{"line":193,"column":76}},"line":193},"15":{"name":"(anonymous_15)","decl":{"start":{"line":194,"column":31},"end":{"line":194,"column":32}},"loc":{"start":{"line":194,"column":39},"end":{"line":200,"column":7}},"line":194},"16":{"name":"(anonymous_16)","decl":{"start":{"line":220,"column":24},"end":{"line":220,"column":25}},"loc":{"start":{"line":220,"column":54},"end":{"line":220,"column":75}},"line":220},"17":{"name":"(anonymous_17)","decl":{"start":{"line":221,"column":24},"end":{"line":221,"column":25}},"loc":{"start":{"line":221,"column":54},"end":{"line":221,"column":75}},"line":221},"18":{"name":"renderHeader","decl":{"start":{"line":228,"column":9},"end":{"line":228,"column":21}},"loc":{"start":{"line":228,"column":61},"end":{"line":259,"column":1}},"line":228},"19":{"name":"(anonymous_19)","decl":{"start":{"line":238,"column":28},"end":{"line":238,"column":29}},"loc":{"start":{"line":238,"column":42},"end":{"line":244,"column":19}},"line":238},"20":{"name":"(anonymous_20)","decl":{"start":{"line":246,"column":26},"end":{"line":246,"column":27}},"loc":{"start":{"line":246,"column":36},"end":{"line":246,"column":76}},"line":246},"21":{"name":"(anonymous_21)","decl":{"start":{"line":261,"column":15},"end":{"line":261,"column":16}},"loc":{"start":{"line":264,"column":5},"end":{"line":270,"column":1}},"line":264}},"branchMap":{"0":{"loc":{"start":{"line":38,"column":14},"end":{"line":38,"column":71}},"type":"cond-expr","locations":[{"start":{"line":38,"column":39},"end":{"line":38,"column":65}},{"start":{"line":38,"column":69},"end":{"line":38,"column":71}}],"line":38},"1":{"loc":{"start":{"line":47,"column":6},"end":{"line":49,"column":7}},"type":"if","locations":[{"start":{"line":47,"column":6},"end":{"line":49,"column":7}},{"start":{"line":47,"column":6},"end":{"line":49,"column":7}}],"line":47},"2":{"loc":{"start":{"line":65,"column":6},"end":{"line":67,"column":7}},"type":"if","locations":[{"start":{"line":65,"column":6},"end":{"line":67,"column":7}},{"start":{"line":65,"column":6},"end":{"line":67,"column":7}}],"line":65},"3":{"loc":{"start":{"line":70,"column":6},"end":{"line":75,"column":7}},"type":"if","locations":[{"start":{"line":70,"column":6},"end":{"line":75,"column":7}},{"start":{"line":70,"column":6},"end":{"line":75,"column":7}}],"line":70},"4":{"loc":{"start":{"line":77,"column":29},"end":{"line":77,"column":62}},"type":"cond-expr","locations":[{"start":{"line":77,"column":51},"end":{"line":77,"column":55}},{"start":{"line":77,"column":58},"end":{"line":77,"column":62}}],"line":77},"5":{"loc":{"start":{"line":85,"column":6},"end":{"line":87,"column":7}},"type":"if","locations":[{"start":{"line":85,"column":6},"end":{"line":87,"column":7}},{"start":{"line":85,"column":6},"end":{"line":87,"column":7}}],"line":85},"6":{"loc":{"start":{"line":88,"column":6},"end":{"line":90,"column":7}},"type":"if","locations":[{"start":{"line":88,"column":6},"end":{"line":90,"column":7}},{"start":{"line":88,"column":6},"end":{"line":90,"column":7}}],"line":88},"7":{"loc":{"start":{"line":114,"column":27},"end":{"line":120,"column":52}},"type":"cond-expr","locations":[{"start":{"line":115,"column":22},"end":{"line":115,"column":65}},{"start":{"line":116,"column":22},"end":{"line":120,"column":52}}],"line":114},"8":{"loc":{"start":{"line":124,"column":18},"end":{"line":126,"column":20}},"type":"cond-expr","locations":[{"start":{"line":125,"column":18},"end":{"line":125,"column":29}},{"start":{"line":126,"column":18},"end":{"line":126,"column":20}}],"line":124},"9":{"loc":{"start":{"line":137,"column":42},"end":{"line":137,"column":123}},"type":"binary-expr","locations":[{"start":{"line":137,"column":43},"end":{"line":137,"column":115}},{"start":{"line":137,"column":120},"end":{"line":137,"column":123}}],"line":137},"10":{"loc":{"start":{"line":137,"column":43},"end":{"line":137,"column":115}},"type":"cond-expr","locations":[{"start":{"line":137,"column":61},"end":{"line":137,"column":95}},{"start":{"line":137,"column":98},"end":{"line":137,"column":115}}],"line":137},"11":{"loc":{"start":{"line":143,"column":26},"end":{"line":143,"column":62}},"type":"cond-expr","locations":[{"start":{"line":143,"column":38},"end":{"line":143,"column":57}},{"start":{"line":143,"column":60},"end":{"line":143,"column":62}}],"line":143},"12":{"loc":{"start":{"line":152,"column":16},"end":{"line":159,"column":18}},"type":"cond-expr","locations":[{"start":{"line":154,"column":18},"end":{"line":157,"column":20}},{"start":{"line":159,"column":16},"end":{"line":159,"column":18}}],"line":152},"13":{"loc":{"start":{"line":173,"column":17},"end":{"line":173,"column":95}},"type":"cond-expr","locations":[{"start":{"line":173,"column":55},"end":{"line":173,"column":70}},{"start":{"line":173,"column":73},"end":{"line":173,"column":95}}],"line":173},"14":{"loc":{"start":{"line":183,"column":18},"end":{"line":183,"column":34}},"type":"binary-expr","locations":[{"start":{"line":183,"column":18},"end":{"line":183,"column":28}},{"start":{"line":183,"column":32},"end":{"line":183,"column":34}}],"line":183},"15":{"loc":{"start":{"line":192,"column":4},"end":{"line":201,"column":5}},"type":"if","locations":[{"start":{"line":192,"column":4},"end":{"line":201,"column":5}},{"start":{"line":192,"column":4},"end":{"line":201,"column":5}}],"line":192},"16":{"loc":{"start":{"line":192,"column":8},"end":{"line":192,"column":29}},"type":"binary-expr","locations":[{"start":{"line":192,"column":8},"end":{"line":192,"column":14}},{"start":{"line":192,"column":18},"end":{"line":192,"column":29}}],"line":192},"17":{"loc":{"start":{"line":197,"column":28},"end":{"line":197,"column":76}},"type":"cond-expr","locations":[{"start":{"line":197,"column":39},"end":{"line":197,"column":61}},{"start":{"line":197,"column":64},"end":{"line":197,"column":76}}],"line":197},"18":{"loc":{"start":{"line":207,"column":4},"end":{"line":209,"column":5}},"type":"if","locations":[{"start":{"line":207,"column":4},"end":{"line":209,"column":5}},{"start":{"line":207,"column":4},"end":{"line":209,"column":5}}],"line":207},"19":{"loc":{"start":{"line":207,"column":8},"end":{"line":207,"column":31}},"type":"binary-expr","locations":[{"start":{"line":207,"column":8},"end":{"line":207,"column":16}},{"start":{"line":207,"column":20},"end":{"line":207,"column":31}}],"line":207},"20":{"loc":{"start":{"line":218,"column":4},"end":{"line":222,"column":5}},"type":"if","locations":[{"start":{"line":218,"column":4},"end":{"line":222,"column":5}},{"start":{"line":218,"column":4},"end":{"line":222,"column":5}}],"line":218},"21":{"loc":{"start":{"line":219,"column":13},"end":{"line":221,"column":104}},"type":"cond-expr","locations":[{"start":{"line":220,"column":8},"end":{"line":220,"column":94}},{"start":{"line":221,"column":8},"end":{"line":221,"column":104}}],"line":219},"22":{"loc":{"start":{"line":232,"column":8},"end":{"line":255,"column":12}},"type":"cond-expr","locations":[{"start":{"line":233,"column":8},"end":{"line":254,"column":14}},{"start":{"line":255,"column":10},"end":{"line":255,"column":12}}],"line":232},"23":{"loc":{"start":{"line":266,"column":2},"end":{"line":269,"column":3}},"type":"if","locations":[{"start":{"line":266,"column":2},"end":{"line":269,"column":3}},{"start":{"line":266,"column":2},"end":{"line":269,"column":3}}],"line":266}},"s":{"0":1,"1":5,"2":5,"3":5,"4":5,"5":5,"6":5,"7":0,"8":5,"9":3,"10":5,"11":2,"12":2,"13":2,"14":1,"15":1,"16":1,"17":2,"18":2,"19":5,"20":1,"21":0,"22":1,"23":0,"24":1,"25":1,"26":1,"27":5,"28":8,"29":8,"30":24,"31":260,"32":780,"33":780,"34":16,"35":5,"36":5,"37":5,"38":8,"39":8,"40":8,"41":8,"42":0,"43":0,"44":0,"45":0,"46":0,"47":8,"48":8,"49":0,"50":8,"51":8,"52":8,"53":2,"54":10,"55":10,"56":6,"57":8,"58":0,"59":0,"60":0,"61":24,"62":1,"63":1,"64":1,"65":0,"66":0},"f":{"0":5,"1":5,"2":3,"3":2,"4":1,"5":8,"6":24,"7":260,"8":780,"9":16,"10":5,"11":5,"12":5,"13":8,"14":0,"15":0,"16":10,"17":10,"18":8,"19":0,"20":24,"21":1},"b":{"0":[5,0],"1":[5,0],"2":[2,0],"3":[1,1],"4":[1,1],"5":[0,1],"6":[0,1],"7":[0,24],"8":[0,8],"9":[780,0],"10":[260,520],"11":[0,260],"12":[8,0],"13":[0,5],"14":[8,0],"15":[0,8],"16":[8,8],"17":[0,0],"18":[0,8],"19":[8,8],"20":[2,6],"21":[1,1],"22":[8,0],"23":[0,1]},"_coverageSchema":"1a1c01bbd47fc00a2c39e90264f33305004495a9","hash":"60f4902f64851408b8eaaa2aa91554ba2824ade9"}
,"/Users/liaodelong/Project/TableTest/src/table/index.ts": {"path":"/Users/liaodelong/Project/TableTest/src/table/index.ts","statementMap":{},"fnMap":{},"branchMap":{},"s":{},"f":{},"b":{},"_coverageSchema":"1a1c01bbd47fc00a2c39e90264f33305004495a9","hash":"22cb89fa0d2347f4a7123edbc47d131bd1a0e2a6"}
}
