TN:
SF:src/mockData.ts
FN:15,(anonymous_0)
FN:35,(anonymous_1)
FNF:2
FNH:2
FNDA:500,(anonymous_0)
FNDA:260,(anonymous_1)
DA:15,500
DA:21,1
DA:36,260
LF:3
LH:3
BRDA:18,0,0,250
BRDA:18,0,1,250
BRDA:36,1,0,130
BRDA:36,1,1,130
BRF:4
BRH:4
end_of_record
TN:
SF:src/table/Column.tsx
FN:7,(anonymous_0)
FN:13,(anonymous_1)
FN:16,(anonymous_2)
FN:33,(anonymous_3)
FN:34,(anonymous_4)
FNF:5
FNH:5
FNDA:15,(anonymous_0)
FNDA:2,(anonymous_1)
FNDA:18,(anonymous_2)
FNDA:15,(anonymous_3)
FNDA:13,(anonymous_4)
DA:8,15
DA:9,15
DA:10,15
DA:11,15
DA:13,15
DA:14,2
DA:16,15
DA:17,18
DA:33,1
DA:34,15
DA:35,13
LF:11
LH:11
BRDA:21,0,0,13
BRDA:21,0,1,5
BRDA:37,1,0,13
BRDA:37,1,1,2
BRDA:38,2,0,13
BRDA:38,2,1,2
BRF:6
BRH:6
end_of_record
TN:
SF:src/table/Table.tsx
FN:30,(anonymous_0)
FN:46,(anonymous_1)
FN:54,(anonymous_2)
FN:62,(anonymous_3)
FN:84,(anonymous_4)
FN:99,(anonymous_5)
FN:111,(anonymous_6)
FN:133,(anonymous_7)
FN:136,(anonymous_8)
FN:154,(anonymous_9)
FN:170,useStyle
FN:171,(anonymous_11)
FN:179,useTableData
FN:180,(anonymous_13)
FN:193,(anonymous_14)
FN:194,(anonymous_15)
FN:220,(anonymous_16)
FN:221,(anonymous_17)
FN:228,renderHeader
FN:238,(anonymous_19)
FN:246,(anonymous_20)
FN:261,(anonymous_21)
FNF:22
FNH:19
FNDA:5,(anonymous_0)
FNDA:5,(anonymous_1)
FNDA:3,(anonymous_2)
FNDA:2,(anonymous_3)
FNDA:1,(anonymous_4)
FNDA:8,(anonymous_5)
FNDA:24,(anonymous_6)
FNDA:260,(anonymous_7)
FNDA:780,(anonymous_8)
FNDA:16,(anonymous_9)
FNDA:5,useStyle
FNDA:5,(anonymous_11)
FNDA:5,useTableData
FNDA:8,(anonymous_13)
FNDA:0,(anonymous_14)
FNDA:0,(anonymous_15)
FNDA:10,(anonymous_16)
FNDA:10,(anonymous_17)
FNDA:8,renderHeader
FNDA:0,(anonymous_19)
FNDA:24,(anonymous_20)
FNDA:1,(anonymous_21)
DA:11,1
DA:31,5
DA:32,5
DA:45,5
DA:46,5
DA:47,5
DA:48,5
DA:50,0
DA:54,5
DA:55,3
DA:62,5
DA:65,2
DA:66,2
DA:70,2
DA:71,1
DA:72,1
DA:74,1
DA:77,2
DA:80,2
DA:84,5
DA:85,1
DA:86,0
DA:88,1
DA:89,0
DA:91,1
DA:93,1
DA:96,1
DA:99,5
DA:100,8
DA:101,8
DA:114,24
DA:134,260
DA:137,780
DA:138,780
DA:155,16
DA:171,5
DA:172,5
DA:180,5
DA:181,8
DA:183,8
DA:189,8
DA:192,8
DA:193,0
DA:194,0
DA:197,0
DA:198,0
DA:204,8
DA:207,8
DA:208,0
DA:214,8
DA:215,8
DA:218,8
DA:219,2
DA:220,10
DA:221,10
DA:223,6
DA:229,8
DA:239,0
DA:240,0
DA:243,0
DA:246,24
DA:261,1
DA:265,1
DA:266,1
DA:267,0
DA:268,0
LF:66
LH:53
BRDA:38,0,0,5
BRDA:38,0,1,0
BRDA:47,1,0,5
BRDA:47,1,1,0
BRDA:65,2,0,2
BRDA:65,2,1,0
BRDA:70,3,0,1
BRDA:70,3,1,1
BRDA:77,4,0,1
BRDA:77,4,1,1
BRDA:85,5,0,0
BRDA:85,5,1,1
BRDA:88,6,0,0
BRDA:88,6,1,1
BRDA:114,7,0,0
BRDA:114,7,1,24
BRDA:124,8,0,0
BRDA:124,8,1,8
BRDA:137,9,0,780
BRDA:137,9,1,0
BRDA:137,10,0,260
BRDA:137,10,1,520
BRDA:143,11,0,0
BRDA:143,11,1,260
BRDA:152,12,0,8
BRDA:152,12,1,0
BRDA:173,13,0,0
BRDA:173,13,1,5
BRDA:183,14,0,8
BRDA:183,14,1,0
BRDA:192,15,0,0
BRDA:192,15,1,8
BRDA:192,16,0,8
BRDA:192,16,1,8
BRDA:197,17,0,0
BRDA:197,17,1,0
BRDA:207,18,0,0
BRDA:207,18,1,8
BRDA:207,19,0,8
BRDA:207,19,1,8
BRDA:218,20,0,2
BRDA:218,20,1,6
BRDA:219,21,0,1
BRDA:219,21,1,1
BRDA:232,22,0,8
BRDA:232,22,1,0
BRDA:266,23,0,0
BRDA:266,23,1,1
BRF:48
BRH:30
end_of_record
TN:
SF:src/table/index.ts
FNF:0
FNH:0
LF:0
LH:0
BRF:0
BRH:0
end_of_record
