TN:
SF:src/index.ts
FNF:0
FNH:0
LF:0
LH:0
BRF:0
BRH:0
end_of_record
TN:
SF:src/mockData.ts
FN:15,(anonymous_0)
FN:40,(anonymous_1)
FNF:2
FNH:2
FNDA:499,(anonymous_0)
FNDA:2090,(anonymous_1)
DA:15,499
DA:20,1
DA:26,1
DA:41,2090
LF:4
LH:4
BRDA:18,0,0,250
BRDA:18,0,1,249
BRDA:41,1,0,1047
BRDA:41,1,1,1043
BRF:4
BRH:4
end_of_record
TN:
SF:src/types.ts
FN:73,(anonymous_0)
FN:83,(anonymous_1)
FN:107,(anonymous_2)
FNF:3
FNH:2
FNDA:2,(anonymous_0)
FNDA:1,(anonymous_1)
FNDA:0,(anonymous_2)
DA:58,1
DA:74,2
DA:84,1
DA:88,1
DA:108,0
LF:5
LH:4
BRDA:78,0,0,1
BRDA:78,0,1,0
BRDA:102,1,0,1
BRDA:102,1,1,0
BRF:4
BRH:2
end_of_record
TN:
SF:src/table/Table.tsx
FN:23,(anonymous_0)
FN:43,(anonymous_1)
FN:50,(anonymous_2)
FN:54,(anonymous_3)
FN:80,handlePropsError
FN:81,(anonymous_5)
FN:99,useStyle
FN:100,(anonymous_7)
FN:108,renderHeader
FN:113,(anonymous_9)
FN:119,(anonymous_10)
FN:136,(anonymous_11)
FN:150,renderColumns
FN:160,(anonymous_13)
FN:183,renderBody
FN:192,(anonymous_15)
FN:196,(anonymous_16)
FN:214,renderPagination
FN:226,(anonymous_18)
FNF:19
FNH:19
FNDA:9,(anonymous_0)
FNDA:7,(anonymous_1)
FNDA:8,(anonymous_2)
FNDA:16,(anonymous_3)
FNDA:9,handlePropsError
FNDA:26,(anonymous_5)
FNDA:7,useStyle
FNDA:8,(anonymous_7)
FNDA:16,renderHeader
FNDA:2,(anonymous_9)
FNDA:1,(anonymous_10)
FNDA:45,(anonymous_11)
FNDA:16,renderColumns
FNDA:48,(anonymous_13)
FNDA:16,renderBody
FNDA:1590,(anonymous_15)
FNDA:4770,(anonymous_16)
FNDA:14,renderPagination
FNDA:402,(anonymous_18)
DA:17,1
DA:18,1
DA:24,9
DA:25,7
DA:31,7
DA:32,7
DA:42,7
DA:43,7
DA:44,7
DA:46,7
DA:47,7
DA:50,7
DA:51,8
DA:54,7
DA:55,16
DA:56,16
DA:57,16
DA:58,16
DA:59,16
DA:81,26
DA:84,9
DA:85,1
DA:86,1
DA:87,1
DA:91,8
DA:92,1
DA:93,1
DA:94,1
DA:100,7
DA:101,8
DA:113,16
DA:114,2
DA:115,2
DA:116,2
DA:119,16
DA:120,1
DA:123,1
DA:126,16
DA:136,45
DA:156,16
DA:161,48
DA:164,48
DA:189,16
DA:193,1590
DA:197,4770
DA:198,4770
DA:221,14
DA:227,402
LF:48
LH:48
BRDA:44,0,0,6
BRDA:44,0,1,1
BRDA:58,1,0,14
BRDA:58,1,1,2
BRDA:84,2,0,1
BRDA:84,2,1,8
BRDA:91,3,0,1
BRDA:91,3,1,7
BRDA:102,4,0,1
BRDA:102,4,1,7
BRDA:115,5,0,2
BRDA:115,5,1,0
BRDA:129,6,0,15
BRDA:129,6,1,1
BRDA:164,7,0,1
BRDA:164,7,1,47
BRDA:174,8,0,1
BRDA:174,8,1,15
BRDA:197,9,0,4770
BRDA:197,9,1,4
BRDA:197,10,0,1590
BRDA:197,10,1,3180
BRDA:204,11,0,10
BRDA:204,11,1,1580
BRF:24
BRH:23
end_of_record
TN:
SF:src/table/components/Column.tsx
FN:7,(anonymous_0)
FN:13,(anonymous_1)
FN:16,(anonymous_2)
FN:33,(anonymous_3)
FN:34,(anonymous_4)
FNF:5
FNH:5
FNDA:20,(anonymous_0)
FNDA:2,(anonymous_1)
FNDA:23,(anonymous_2)
FNDA:20,(anonymous_3)
FNDA:16,(anonymous_4)
DA:8,20
DA:9,20
DA:10,20
DA:11,20
DA:13,20
DA:14,2
DA:16,20
DA:17,23
DA:33,1
DA:34,20
DA:35,16
LF:11
LH:11
BRDA:21,0,0,16
BRDA:21,0,1,7
BRDA:37,1,0,16
BRDA:37,1,1,2
BRDA:38,2,0,16
BRDA:38,2,1,2
BRF:6
BRH:6
end_of_record
TN:
SF:src/table/composables/filter.ts
FN:15,(anonymous_0)
FN:21,(anonymous_1)
FNF:2
FNH:2
FNDA:7,(anonymous_0)
FNDA:3,(anonymous_1)
DA:9,1
DA:15,1
DA:16,7
DA:21,7
DA:22,3
DA:23,3
DA:24,3
DA:27,7
LF:8
LH:8
BRF:0
BRH:0
end_of_record
TN:
SF:src/table/composables/pagination.ts
FN:19,(anonymous_0)
FN:29,(anonymous_1)
FN:34,(anonymous_2)
FN:38,(anonymous_3)
FN:45,(anonymous_4)
FN:51,(anonymous_5)
FN:57,(anonymous_6)
FNF:7
FNH:7
FNDA:7,(anonymous_0)
FNDA:9,(anonymous_1)
FNDA:2,(anonymous_2)
FNDA:2,(anonymous_3)
FNDA:2,(anonymous_4)
FNDA:2,(anonymous_5)
FNDA:14,(anonymous_6)
DA:9,1
DA:19,1
DA:22,7
DA:29,7
DA:30,9
DA:34,7
DA:35,2
DA:38,7
DA:41,2
DA:42,2
DA:45,7
DA:46,2
DA:47,2
DA:48,2
DA:51,7
DA:52,2
DA:53,2
DA:54,2
DA:57,7
DA:58,14
DA:61,7
LF:21
LH:21
BRDA:22,0,0,6
BRDA:22,0,1,1
BRDA:30,1,0,8
BRDA:30,1,1,1
BRDA:47,2,0,1
BRDA:47,2,1,1
BRDA:53,3,0,1
BRDA:53,3,1,1
BRF:8
BRH:8
end_of_record
TN:
SF:src/table/composables/sort.ts
FN:18,(anonymous_0)
FN:24,(anonymous_1)
FNF:2
FNH:2
FNDA:7,(anonymous_0)
FNDA:2,(anonymous_1)
DA:9,1
DA:11,1
DA:12,1
DA:18,1
DA:19,7
DA:24,7
DA:27,2
DA:28,1
DA:29,1
DA:30,1
DA:31,0
DA:33,1
DA:36,2
DA:39,7
LF:14
LH:13
BRDA:27,0,0,1
BRDA:27,0,1,1
BRDA:30,1,0,0
BRDA:30,1,1,1
BRDA:30,2,0,1
BRDA:30,2,1,1
BRDA:36,3,0,1
BRDA:36,3,1,1
BRF:8
BRH:7
end_of_record
TN:
SF:src/table/composables/tableData.ts
FN:10,(anonymous_0)
FN:17,(anonymous_1)
FN:46,(anonymous_2)
FN:47,(anonymous_3)
FN:71,(anonymous_4)
FN:72,(anonymous_5)
FNF:6
FNH:6
FNDA:7,(anonymous_0)
FNDA:15,(anonymous_1)
FNDA:6,(anonymous_2)
FNDA:1000,(anonymous_3)
FNDA:500,(anonymous_4)
FNDA:500,(anonymous_5)
DA:10,1
DA:17,7
DA:41,15
DA:42,15
DA:45,15
DA:46,6
DA:47,2
DA:50,1000
DA:51,1000
DA:57,15
DA:58,1
DA:62,14
DA:65,14
DA:66,14
DA:69,14
DA:70,2
DA:71,500
DA:72,500
DA:76,12
DA:79,7
LF:20
LH:20
BRDA:41,0,0,15
BRDA:41,0,1,0
BRDA:45,1,0,2
BRDA:45,1,1,13
BRDA:45,2,0,15
BRDA:45,2,1,14
BRDA:50,3,0,500
BRDA:50,3,1,500
BRDA:57,4,0,1
BRDA:57,4,1,14
BRDA:57,5,0,15
BRDA:57,5,1,15
BRDA:69,6,0,2
BRDA:69,6,1,12
BRDA:70,7,0,1
BRDA:70,7,1,1
BRF:16
BRH:15
end_of_record
